2023-02-22 20:01:07,232 INFO impl.MetricsConfig: Loaded properties from hadoop-metrics2.properties
2023-02-22 20:01:07,283 INFO impl.MetricsSystemImpl: Scheduled Metric snapshot period at 10 second(s).
2023-02-22 20:01:07,283 INFO impl.MetricsSystemImpl: JobTracker metrics system started
2023-02-22 20:01:07,324 WARN mapreduce.JobResourceUploader: Hadoop command-line option parsing not performed. Implement the Tool interface and execute your application with ToolRunner to remedy this.
2023-02-22 20:01:07,353 INFO input.FileInputFormat: Total input files to process : 1
2023-02-22 20:01:07,366 INFO mapreduce.JobSubmitter: number of splits:1
2023-02-22 20:01:07,444 INFO mapreduce.JobSubmitter: Submitting tokens for job: job_local685848606_0001
2023-02-22 20:01:07,444 INFO mapreduce.JobSubmitter: Executing with tokens: []
2023-02-22 20:01:07,537 INFO mapreduce.Job: The url to track the job: http://localhost:8080/
2023-02-22 20:01:07,537 INFO mapreduce.Job: Running job: job_local685848606_0001
2023-02-22 20:01:07,538 INFO mapred.LocalJobRunner: OutputCommitter set in config null
2023-02-22 20:01:07,543 INFO output.FileOutputCommitter: File Output Committer Algorithm version is 2
2023-02-22 20:01:07,543 INFO output.FileOutputCommitter: FileOutputCommitter skip cleanup _temporary folders under output directory:false, ignore cleanup failures: false
2023-02-22 20:01:07,544 INFO mapred.LocalJobRunner: OutputCommitter is org.apache.hadoop.mapreduce.lib.output.FileOutputCommitter
2023-02-22 20:01:07,572 INFO mapred.LocalJobRunner: Waiting for map tasks
2023-02-22 20:01:07,572 INFO mapred.LocalJobRunner: Starting task: attempt_local685848606_0001_m_000000_0
2023-02-22 20:01:07,588 INFO output.FileOutputCommitter: File Output Committer Algorithm version is 2
2023-02-22 20:01:07,588 INFO output.FileOutputCommitter: FileOutputCommitter skip cleanup _temporary folders under output directory:false, ignore cleanup failures: false
2023-02-22 20:01:07,601 INFO mapred.Task:  Using ResourceCalculatorProcessTree : [ ]
2023-02-22 20:01:07,604 INFO mapred.MapTask: Processing split: file:/home/almighty/project1/small-twitter.csv:0+194759
2023-02-22 20:01:07,639 INFO mapred.MapTask: (EQUATOR) 0 kvi 26214396(104857584)
2023-02-22 20:01:07,640 INFO mapred.MapTask: mapreduce.task.io.sort.mb: 100
2023-02-22 20:01:07,640 INFO mapred.MapTask: soft limit at 83886080
2023-02-22 20:01:07,640 INFO mapred.MapTask: bufstart = 0; bufvoid = 104857600
2023-02-22 20:01:07,640 INFO mapred.MapTask: kvstart = 26214396; length = 6553600
2023-02-22 20:01:07,642 INFO mapred.MapTask: Map output collector class = org.apache.hadoop.mapred.MapTask$MapOutputBuffer
2023-02-22 20:01:07,983 INFO mapred.LocalJobRunner: 
2023-02-22 20:01:07,983 INFO mapred.MapTask: Starting flush of map output
2023-02-22 20:01:07,983 INFO mapred.MapTask: Spilling map output
2023-02-22 20:01:07,983 INFO mapred.MapTask: bufstart = 0; bufend = 80000; bufvoid = 104857600
2023-02-22 20:01:07,983 INFO mapred.MapTask: kvstart = 26214396(104857584); kvend = 26174400(104697600); length = 39997/6553600
2023-02-22 20:01:08,009 INFO mapred.MapTask: Finished spill 0
2023-02-22 20:01:08,015 INFO mapred.Task: Task:attempt_local685848606_0001_m_000000_0 is done. And is in the process of committing
2023-02-22 20:01:08,017 INFO mapred.LocalJobRunner: map
2023-02-22 20:01:08,017 INFO mapred.Task: Task 'attempt_local685848606_0001_m_000000_0' done.
2023-02-22 20:01:08,021 INFO mapred.Task: Final Counters for attempt_local685848606_0001_m_000000_0: Counters: 17
	File System Counters
		FILE: Number of bytes read=201514
		FILE: Number of bytes written=650560
		FILE: Number of read operations=0
		FILE: Number of large read operations=0
		FILE: Number of write operations=0
	Map-Reduce Framework
		Map input records=10000
		Map output records=10000
		Map output bytes=80000
		Map output materialized bytes=100006
		Input split bytes=111
		Combine input records=0
		Spilled Records=10000
		Failed Shuffles=0
		Merged Map outputs=0
		GC time elapsed (ms)=24
		Total committed heap usage (bytes)=459800576
	File Input Format Counters 
		Bytes Read=194759
2023-02-22 20:01:08,021 INFO mapred.LocalJobRunner: Finishing task: attempt_local685848606_0001_m_000000_0
2023-02-22 20:01:08,022 INFO mapred.LocalJobRunner: map task executor complete.
2023-02-22 20:01:08,024 INFO mapred.LocalJobRunner: Waiting for reduce tasks
2023-02-22 20:01:08,024 INFO mapred.LocalJobRunner: Starting task: attempt_local685848606_0001_r_000000_0
2023-02-22 20:01:08,028 INFO output.FileOutputCommitter: File Output Committer Algorithm version is 2
2023-02-22 20:01:08,028 INFO output.FileOutputCommitter: FileOutputCommitter skip cleanup _temporary folders under output directory:false, ignore cleanup failures: false
2023-02-22 20:01:08,028 INFO mapred.Task:  Using ResourceCalculatorProcessTree : [ ]
2023-02-22 20:01:08,030 INFO mapred.ReduceTask: Using ShuffleConsumerPlugin: org.apache.hadoop.mapreduce.task.reduce.Shuffle@4b147e9e
2023-02-22 20:01:08,031 WARN impl.MetricsSystemImpl: JobTracker metrics system already initialized!
2023-02-22 20:01:08,041 INFO reduce.MergeManagerImpl: MergerManager: memoryLimit=1280101504, maxSingleShuffleLimit=320025376, mergeThreshold=844867008, ioSortFactor=10, memToMemMergeOutputsThreshold=10
2023-02-22 20:01:08,043 INFO reduce.EventFetcher: attempt_local685848606_0001_r_000000_0 Thread started: EventFetcher for fetching Map Completion Events
2023-02-22 20:01:08,057 INFO reduce.LocalFetcher: localfetcher#1 about to shuffle output of map attempt_local685848606_0001_m_000000_0 decomp: 100002 len: 100006 to MEMORY
2023-02-22 20:01:08,060 INFO reduce.InMemoryMapOutput: Read 100002 bytes from map-output for attempt_local685848606_0001_m_000000_0
2023-02-22 20:01:08,061 INFO reduce.MergeManagerImpl: closeInMemoryFile -> map-output of size: 100002, inMemoryMapOutputs.size() -> 1, commitMemory -> 0, usedMemory ->100002
2023-02-22 20:01:08,061 INFO reduce.EventFetcher: EventFetcher is interrupted.. Returning
2023-02-22 20:01:08,062 INFO mapred.LocalJobRunner: 1 / 1 copied.
2023-02-22 20:01:08,062 INFO reduce.MergeManagerImpl: finalMerge called with 1 in-memory map-outputs and 0 on-disk map-outputs
2023-02-22 20:01:08,066 INFO mapred.Merger: Merging 1 sorted segments
2023-02-22 20:01:08,066 INFO mapred.Merger: Down to the last merge-pass, with 1 segments left of total size: 99996 bytes
2023-02-22 20:01:08,077 INFO reduce.MergeManagerImpl: Merged 1 segments, 100002 bytes to disk to satisfy reduce memory limit
2023-02-22 20:01:08,077 INFO reduce.MergeManagerImpl: Merging 1 files, 100006 bytes from disk
2023-02-22 20:01:08,078 INFO reduce.MergeManagerImpl: Merging 0 segments, 0 bytes from memory into reduce
2023-02-22 20:01:08,078 INFO mapred.Merger: Merging 1 sorted segments
2023-02-22 20:01:08,078 INFO mapred.Merger: Down to the last merge-pass, with 1 segments left of total size: 99996 bytes
2023-02-22 20:01:08,079 INFO mapred.LocalJobRunner: 1 / 1 copied.
2023-02-22 20:01:08,081 INFO Configuration.deprecation: mapred.skip.on is deprecated. Instead, use mapreduce.job.skiprecords
2023-02-22 20:01:08,114 INFO mapred.Task: Task:attempt_local685848606_0001_r_000000_0 is done. And is in the process of committing
2023-02-22 20:01:08,115 INFO mapred.LocalJobRunner: 1 / 1 copied.
2023-02-22 20:01:08,115 INFO mapred.Task: Task attempt_local685848606_0001_r_000000_0 is allowed to commit now
2023-02-22 20:01:08,116 INFO output.FileOutputCommitter: Saved output of task 'attempt_local685848606_0001_r_000000_0' to file:/home/almighty/project1/temp
2023-02-22 20:01:08,116 INFO mapred.LocalJobRunner: reduce > reduce
2023-02-22 20:01:08,116 INFO mapred.Task: Task 'attempt_local685848606_0001_r_000000_0' done.
2023-02-22 20:01:08,116 INFO mapred.Task: Final Counters for attempt_local685848606_0001_r_000000_0: Counters: 24
	File System Counters
		FILE: Number of bytes read=401558
		FILE: Number of bytes written=856898
		FILE: Number of read operations=0
		FILE: Number of large read operations=0
		FILE: Number of write operations=0
	Map-Reduce Framework
		Combine input records=0
		Combine output records=0
		Reduce input groups=9191
		Reduce shuffle bytes=100006
		Reduce input records=10000
		Reduce output records=9191
		Spilled Records=10000
		Shuffled Maps =1
		Failed Shuffles=0
		Merged Map outputs=1
		GC time elapsed (ms)=0
		Total committed heap usage (bytes)=459800576
	Shuffle Errors
		BAD_ID=0
		CONNECTION=0
		IO_ERROR=0
		WRONG_LENGTH=0
		WRONG_MAP=0
		WRONG_REDUCE=0
	File Output Format Counters 
		Bytes Written=106332
2023-02-22 20:01:08,116 INFO mapred.LocalJobRunner: Finishing task: attempt_local685848606_0001_r_000000_0
2023-02-22 20:01:08,117 INFO mapred.LocalJobRunner: reduce task executor complete.
2023-02-22 20:01:08,541 INFO mapreduce.Job: Job job_local685848606_0001 running in uber mode : false
2023-02-22 20:01:08,543 INFO mapreduce.Job:  map 100% reduce 100%
2023-02-22 20:01:08,546 INFO mapreduce.Job: Job job_local685848606_0001 completed successfully
2023-02-22 20:01:08,562 INFO mapreduce.Job: Counters: 30
	File System Counters
		FILE: Number of bytes read=603072
		FILE: Number of bytes written=1507458
		FILE: Number of read operations=0
		FILE: Number of large read operations=0
		FILE: Number of write operations=0
	Map-Reduce Framework
		Map input records=10000
		Map output records=10000
		Map output bytes=80000
		Map output materialized bytes=100006
		Input split bytes=111
		Combine input records=0
		Combine output records=0
		Reduce input groups=9191
		Reduce shuffle bytes=100006
		Reduce input records=10000
		Reduce output records=9191
		Spilled Records=20000
		Shuffled Maps =1
		Failed Shuffles=0
		Merged Map outputs=1
		GC time elapsed (ms)=24
		Total committed heap usage (bytes)=919601152
	Shuffle Errors
		BAD_ID=0
		CONNECTION=0
		IO_ERROR=0
		WRONG_LENGTH=0
		WRONG_MAP=0
		WRONG_REDUCE=0
	File Input Format Counters 
		Bytes Read=194759
	File Output Format Counters 
		Bytes Written=106332
2023-02-22 20:01:08,610 WARN impl.MetricsSystemImpl: JobTracker metrics system already initialized!
2023-02-22 20:01:08,619 WARN mapreduce.JobResourceUploader: Hadoop command-line option parsing not performed. Implement the Tool interface and execute your application with ToolRunner to remedy this.
2023-02-22 20:01:08,637 INFO input.FileInputFormat: Total input files to process : 1
2023-02-22 20:01:08,645 INFO mapreduce.JobSubmitter: number of splits:1
2023-02-22 20:01:08,685 INFO mapreduce.JobSubmitter: Submitting tokens for job: job_local1607162114_0002
2023-02-22 20:01:08,685 INFO mapreduce.JobSubmitter: Executing with tokens: []
2023-02-22 20:01:08,779 INFO mapreduce.Job: The url to track the job: http://localhost:8080/
2023-02-22 20:01:08,779 INFO mapreduce.Job: Running job: job_local1607162114_0002
2023-02-22 20:01:08,779 INFO mapred.LocalJobRunner: OutputCommitter set in config null
2023-02-22 20:01:08,779 INFO output.FileOutputCommitter: File Output Committer Algorithm version is 2
2023-02-22 20:01:08,779 INFO output.FileOutputCommitter: FileOutputCommitter skip cleanup _temporary folders under output directory:false, ignore cleanup failures: false
2023-02-22 20:01:08,780 INFO mapred.LocalJobRunner: OutputCommitter is org.apache.hadoop.mapreduce.lib.output.FileOutputCommitter
2023-02-22 20:01:08,782 INFO mapred.LocalJobRunner: Waiting for map tasks
2023-02-22 20:01:08,782 INFO mapred.LocalJobRunner: Starting task: attempt_local1607162114_0002_m_000000_0
2023-02-22 20:01:08,783 INFO output.FileOutputCommitter: File Output Committer Algorithm version is 2
2023-02-22 20:01:08,783 INFO output.FileOutputCommitter: FileOutputCommitter skip cleanup _temporary folders under output directory:false, ignore cleanup failures: false
2023-02-22 20:01:08,783 INFO mapred.Task:  Using ResourceCalculatorProcessTree : [ ]
2023-02-22 20:01:08,784 INFO mapred.MapTask: Processing split: file:/home/almighty/project1/temp/part-r-00000:0+105496
2023-02-22 20:01:08,797 INFO mapred.MapTask: (EQUATOR) 0 kvi 26214396(104857584)
2023-02-22 20:01:08,797 INFO mapred.MapTask: mapreduce.task.io.sort.mb: 100
2023-02-22 20:01:08,797 INFO mapred.MapTask: soft limit at 83886080
2023-02-22 20:01:08,797 INFO mapred.MapTask: bufstart = 0; bufvoid = 104857600
2023-02-22 20:01:08,797 INFO mapred.MapTask: kvstart = 26214396; length = 6553600
2023-02-22 20:01:08,798 INFO mapred.MapTask: Map output collector class = org.apache.hadoop.mapred.MapTask$MapOutputBuffer
2023-02-22 20:01:09,066 INFO mapred.LocalJobRunner: 
2023-02-22 20:01:09,066 INFO mapred.MapTask: Starting flush of map output
2023-02-22 20:01:09,066 INFO mapred.MapTask: Spilling map output
2023-02-22 20:01:09,066 INFO mapred.MapTask: bufstart = 0; bufend = 73528; bufvoid = 104857600
2023-02-22 20:01:09,066 INFO mapred.MapTask: kvstart = 26214396(104857584); kvend = 26177636(104710544); length = 36761/6553600
2023-02-22 20:01:09,074 INFO mapred.MapTask: Finished spill 0
2023-02-22 20:01:09,075 INFO mapred.Task: Task:attempt_local1607162114_0002_m_000000_0 is done. And is in the process of committing
2023-02-22 20:01:09,076 INFO mapred.LocalJobRunner: map
2023-02-22 20:01:09,076 INFO mapred.Task: Task 'attempt_local1607162114_0002_m_000000_0' done.
2023-02-22 20:01:09,076 INFO mapred.Task: Final Counters for attempt_local1607162114_0002_m_000000_0: Counters: 17
	File System Counters
		FILE: Number of bytes read=514649
		FILE: Number of bytes written=1501986
		FILE: Number of read operations=0
		FILE: Number of large read operations=0
		FILE: Number of write operations=0
	Map-Reduce Framework
		Map input records=9191
		Map output records=9191
		Map output bytes=73528
		Map output materialized bytes=91916
		Input split bytes=111
		Combine input records=0
		Spilled Records=9191
		Failed Shuffles=0
		Merged Map outputs=0
		GC time elapsed (ms)=105
		Total committed heap usage (bytes)=671088640
	File Input Format Counters 
		Bytes Read=106336
2023-02-22 20:01:09,076 INFO mapred.LocalJobRunner: Finishing task: attempt_local1607162114_0002_m_000000_0
2023-02-22 20:01:09,076 INFO mapred.LocalJobRunner: map task executor complete.
2023-02-22 20:01:09,077 INFO mapred.LocalJobRunner: Waiting for reduce tasks
2023-02-22 20:01:09,077 INFO mapred.LocalJobRunner: Starting task: attempt_local1607162114_0002_r_000000_0
2023-02-22 20:01:09,078 INFO output.FileOutputCommitter: File Output Committer Algorithm version is 2
2023-02-22 20:01:09,078 INFO output.FileOutputCommitter: FileOutputCommitter skip cleanup _temporary folders under output directory:false, ignore cleanup failures: false
2023-02-22 20:01:09,078 INFO mapred.Task:  Using ResourceCalculatorProcessTree : [ ]
2023-02-22 20:01:09,078 INFO mapred.ReduceTask: Using ShuffleConsumerPlugin: org.apache.hadoop.mapreduce.task.reduce.Shuffle@70cf4c26
2023-02-22 20:01:09,078 WARN impl.MetricsSystemImpl: JobTracker metrics system already initialized!
2023-02-22 20:01:09,079 INFO reduce.MergeManagerImpl: MergerManager: memoryLimit=1280101504, maxSingleShuffleLimit=320025376, mergeThreshold=844867008, ioSortFactor=10, memToMemMergeOutputsThreshold=10
2023-02-22 20:01:09,080 INFO reduce.EventFetcher: attempt_local1607162114_0002_r_000000_0 Thread started: EventFetcher for fetching Map Completion Events
2023-02-22 20:01:09,081 INFO reduce.LocalFetcher: localfetcher#2 about to shuffle output of map attempt_local1607162114_0002_m_000000_0 decomp: 91912 len: 91916 to MEMORY
2023-02-22 20:01:09,081 INFO reduce.InMemoryMapOutput: Read 91912 bytes from map-output for attempt_local1607162114_0002_m_000000_0
2023-02-22 20:01:09,081 INFO reduce.MergeManagerImpl: closeInMemoryFile -> map-output of size: 91912, inMemoryMapOutputs.size() -> 1, commitMemory -> 0, usedMemory ->91912
2023-02-22 20:01:09,082 INFO reduce.EventFetcher: EventFetcher is interrupted.. Returning
2023-02-22 20:01:09,082 INFO mapred.LocalJobRunner: 1 / 1 copied.
2023-02-22 20:01:09,082 INFO reduce.MergeManagerImpl: finalMerge called with 1 in-memory map-outputs and 0 on-disk map-outputs
2023-02-22 20:01:09,083 INFO mapred.Merger: Merging 1 sorted segments
2023-02-22 20:01:09,083 INFO mapred.Merger: Down to the last merge-pass, with 1 segments left of total size: 91906 bytes
2023-02-22 20:01:09,086 INFO reduce.MergeManagerImpl: Merged 1 segments, 91912 bytes to disk to satisfy reduce memory limit
2023-02-22 20:01:09,086 INFO reduce.MergeManagerImpl: Merging 1 files, 91916 bytes from disk
2023-02-22 20:01:09,087 INFO reduce.MergeManagerImpl: Merging 0 segments, 0 bytes from memory into reduce
2023-02-22 20:01:09,087 INFO mapred.Merger: Merging 1 sorted segments
2023-02-22 20:01:09,087 INFO mapred.Merger: Down to the last merge-pass, with 1 segments left of total size: 91906 bytes
2023-02-22 20:01:09,087 INFO mapred.LocalJobRunner: 1 / 1 copied.
2023-02-22 20:01:09,094 INFO mapred.Task: Task:attempt_local1607162114_0002_r_000000_0 is done. And is in the process of committing
2023-02-22 20:01:09,095 INFO mapred.LocalJobRunner: 1 / 1 copied.
2023-02-22 20:01:09,095 INFO mapred.Task: Task attempt_local1607162114_0002_r_000000_0 is allowed to commit now
2023-02-22 20:01:09,095 INFO output.FileOutputCommitter: Saved output of task 'attempt_local1607162114_0002_r_000000_0' to file:/home/almighty/project1/output
2023-02-22 20:01:09,096 INFO mapred.LocalJobRunner: reduce > reduce
2023-02-22 20:01:09,096 INFO mapred.Task: Task 'attempt_local1607162114_0002_r_000000_0' done.
2023-02-22 20:01:09,096 INFO mapred.Task: Final Counters for attempt_local1607162114_0002_r_000000_0: Counters: 24
	File System Counters
		FILE: Number of bytes read=698513
		FILE: Number of bytes written=1593949
		FILE: Number of read operations=0
		FILE: Number of large read operations=0
		FILE: Number of write operations=0
	Map-Reduce Framework
		Combine input records=0
		Combine output records=0
		Reduce input groups=7
		Reduce shuffle bytes=91916
		Reduce input records=9191
		Reduce output records=7
		Spilled Records=9191
		Shuffled Maps =1
		Failed Shuffles=0
		Merged Map outputs=1
		GC time elapsed (ms)=0
		Total committed heap usage (bytes)=671088640
	Shuffle Errors
		BAD_ID=0
		CONNECTION=0
		IO_ERROR=0
		WRONG_LENGTH=0
		WRONG_MAP=0
		WRONG_REDUCE=0
	File Output Format Counters 
		Bytes Written=47
2023-02-22 20:01:09,096 INFO mapred.LocalJobRunner: Finishing task: attempt_local1607162114_0002_r_000000_0
2023-02-22 20:01:09,096 INFO mapred.LocalJobRunner: reduce task executor complete.
2023-02-22 20:01:09,779 INFO mapreduce.Job: Job job_local1607162114_0002 running in uber mode : false
2023-02-22 20:01:09,780 INFO mapreduce.Job:  map 100% reduce 100%
2023-02-22 20:01:09,780 INFO mapreduce.Job: Job job_local1607162114_0002 completed successfully
2023-02-22 20:01:09,782 INFO mapreduce.Job: Counters: 30
	File System Counters
		FILE: Number of bytes read=1213162
		FILE: Number of bytes written=3095935
		FILE: Number of read operations=0
		FILE: Number of large read operations=0
		FILE: Number of write operations=0
	Map-Reduce Framework
		Map input records=9191
		Map output records=9191
		Map output bytes=73528
		Map output materialized bytes=91916
		Input split bytes=111
		Combine input records=0
		Combine output records=0
		Reduce input groups=7
		Reduce shuffle bytes=91916
		Reduce input records=9191
		Reduce output records=7
		Spilled Records=18382
		Shuffled Maps =1
		Failed Shuffles=0
		Merged Map outputs=1
		GC time elapsed (ms)=105
		Total committed heap usage (bytes)=1342177280
	Shuffle Errors
		BAD_ID=0
		CONNECTION=0
		IO_ERROR=0
		WRONG_LENGTH=0
		WRONG_MAP=0
		WRONG_REDUCE=0
	File Input Format Counters 
		Bytes Read=106336
	File Output Format Counters 
		Bytes Written=47
